#
# There is insufficient memory for the Java Runtime Environment to continue.
# Native memory allocation (malloc) failed to allocate 32744 bytes for ChunkPool::allocate
# Possible reasons:
#   The system is out of physical RAM or swap space
#   In 32 bit mode, the process size limit was hit
# Possible solutions:
#   Reduce memory load on the system
#   Increase physical memory or swap space
#   Check if swap backing store is full
#   Use 64 bit Java on a 64 bit OS
#   Decrease Java heap size (-Xmx/-Xms)
#   Decrease number of Java threads
#   Decrease Java thread stack sizes (-Xss)
#   Set larger code cache with -XX:ReservedCodeCacheSize=
# This output file may be truncated or incomplete.
#
#  Out of Memory Error (allocation.cpp:273), pid=8244, tid=2120
#
# JRE version: Java(TM) SE Runtime Environment (8.0_60-b27) (build 1.8.0_60-b27)
# Java VM: Java HotSpot(TM) 64-Bit Server VM (25.60-b23 mixed mode windows-amd64 compressed oops)
# Failed to write core dump. Minidumps are not enabled by default on client versions of Windows
#

---------------  T H R E A D  ---------------

Current thread (0x0000000005881800):  JavaThread "C2 CompilerThread1" daemon [_thread_in_native, id=2120, stack(0x0000000007620000,0x0000000007720000)]

Stack: [0x0000000007620000,0x0000000007720000]
[error occurred during error reporting (printing stack bounds), id 0xc0000005]

Native frames: (J=compiled Java code, j=interpreted, Vv=VM code, C=native code)


Current CompileTask:
C2:   1622  597       4       java.util.ArrayList::add (29 bytes)


---------------  P R O C E S S  ---------------

Java Threads: ( => current thread )
  0x0000000007aad000 JavaThread "pool-1-thread-4" [_thread_blocked, id=12020, stack(0x0000000008220000,0x0000000008320000)]
  0x0000000007ac0800 JavaThread "pool-1-thread-3" [_thread_blocked, id=4968, stack(0x0000000008120000,0x0000000008220000)]
  0x0000000007a89000 JavaThread "pool-1-thread-2" [_thread_blocked, id=1056, stack(0x0000000008020000,0x0000000008120000)]
  0x0000000007a85000 JavaThread "pool-2-thread-1" [_thread_blocked, id=7508, stack(0x0000000007f20000,0x0000000008020000)]
  0x0000000007a84000 JavaThread "pool-1-thread-1" [_thread_blocked, id=524, stack(0x0000000007e20000,0x0000000007f20000)]
  0x00000000058dd800 JavaThread "Service Thread" daemon [_thread_blocked, id=5520, stack(0x0000000007c20000,0x0000000007d20000)]
  0x0000000005887800 JavaThread "C1 CompilerThread2" daemon [_thread_in_native, id=1420, stack(0x0000000007720000,0x0000000007820000)]
=>0x0000000005881800 JavaThread "C2 CompilerThread1" daemon [_thread_in_native, id=2120, stack(0x0000000007620000,0x0000000007720000)]
  0x000000000587e800 JavaThread "C2 CompilerThread0" daemon [_thread_in_vm, id=3052, stack(0x0000000007520000,0x0000000007620000)]
  0x000000000587c000 JavaThread "Attach Listener" daemon [_thread_blocked, id=4748, stack(0x0000000007420000,0x0000000007520000)]
  0x000000000587b000 JavaThread "Signal Dispatcher" daemon [_thread_blocked, id=6656, stack(0x0000000007320000,0x0000000007420000)]
  0x0000000002171000 JavaThread "Finalizer" daemon [_thread_blocked, id=4012, stack(0x0000000006ae0000,0x0000000006be0000)]
  0x000000000216e800 JavaThread "Reference Handler" daemon [_thread_blocked, id=8696, stack(0x00000000069e0000,0x0000000006ae0000)]
  0x000000000205e000 JavaThread "main" [_thread_blocked, id=10832, stack(0x0000000001f50000,0x0000000002050000)]

Other Threads:
  0x0000000005847800 VMThread [stack: 0x00000000068e0000,0x00000000069e0000] [id=1180]
  0x000000000786d000 WatcherThread [stack: 0x0000000007d20000,0x0000000007e20000] [id=8868]

VM state:synchronizing (normal execution)

VM Mutex/Monitor currently owned by a thread:  ([mutex/lock_event])
[0x000000000205d420] Threads_lock - owner thread: 0x0000000005847800
[0x000000000205cb20] Heap_lock - owner thread: 0x0000000007a89000

Heap:
 PSYoungGen      total 18432K, used 15872K [0x00000000eab00000, 0x00000000ebf80000, 0x0000000100000000)
  eden space 15872K, 100% used [0x00000000eab00000,0x00000000eba80000,0x00000000eba80000)
  from space 2560K, 0% used [0x00000000ebd00000,0x00000000ebd00000,0x00000000ebf80000)
  to   space 2560K, 0% used [0x00000000eba80000,0x00000000eba80000,0x00000000ebd00000)
 ParOldGen       total 42496K, used 0K [0x00000000c0000000, 0x00000000c2980000, 0x00000000eab00000)
  object space 42496K, 0% used [0x00000000c0000000,0x00000000c0000000,0x00000000c2980000)
 Metaspace       used 5519K, capacity 6512K, committed 6784K, reserved 1056768K
  class space    used 592K, capacity 616K, committed 640K, reserved 1048576K

Card table byte_map: [0x0000000002550000,0x0000000002760000] byte_map_base: 0x0000000001f50000

Marking Bits: (ParMarkBitMap*) 0x0000000077f7a5b0
 Begin Bits: [0x0000000002cc0000, 0x0000000003cc0000)
 End Bits:   [0x0000000003cc0000, 0x0000000004cc0000)

Polling page: 0x0000000002060000

CodeCache: size=245760Kb used=2277Kb max_used=2289Kb free=243482Kb
 bounds [0x000000000f010000, 0x000000000f280000, 0x000000001e010000]
 total_blobs=848 nmethods=579 adapters=182
 compilation: enabled

Compilation events (10 events):
Event: 1.584 Thread 0x000000000587e800  557       4       java.util.HashMap::getNode (148 bytes)
Event: 1.584 Thread 0x0000000005881800  561       4       java.util.BitSet::nextSetBit (102 bytes)
Event: 1.586 Thread 0x0000000005881800 nmethod 561 0x000000000f24bc90 code [0x000000000f24bde0, 0x000000000f24bef8]
Event: 1.586 Thread 0x0000000005881800  548       4       com.android.dx.util.MutabilityControl::<init> (10 bytes)
Event: 1.586 Thread 0x0000000005881800 nmethod 548 0x000000000f22f290 code [0x000000000f22f3c0, 0x000000000f22f418]
Event: 1.586 Thread 0x0000000005881800  566       4       java.util.ArrayList::ensureExplicitCapacity (26 bytes)
Event: 1.590 Thread 0x0000000005881800 nmethod 566 0x000000000f24a290 code [0x000000000f24a3e0, 0x000000000f24a638]
Event: 1.594 Thread 0x000000000587e800 nmethod 557 0x000000000f249510 code [0x000000000f2496a0, 0x000000000f249ca8]
Event: 1.596 Thread 0x0000000005881800  597       4       java.util.ArrayList::add (29 bytes)
Event: 1.598 Thread 0x000000000587e800  599       4       com.android.dx.rop.code.InsnList::get (9 bytes)

GC Heap History (0 events):
No events

Deoptimization events (0 events):
No events

Internal exceptions (2 events):
Event: 0.119 Thread 0x000000000205e000 Exception <a 'java/lang/NoSuchMethodError': Method sun.misc.Unsafe.defineClass(Ljava/lang/String;[BII)Ljava/lang/Class; name or signature does not match> (0x00000000eab0d9f0) thrown at [C:\re\workspace\8-2-build-windows-amd64-cygwin\jdk8u60\4407\hotspot\srf÷Zceæ?
Event: 0.119 Thread 0x000000000205e000 Exception <a 'java/lang/NoSuchMethodError': Method sun.misc.Unsafe.prefetchRead(Ljava/lang/Object;J)V name or signature does not match> (0x00000000eab0dcd8) thrown at [C:\re\workspace\8-2-build-windows-amd64-cygwin\jdk8u60\4407\hotspot\src\share\vm\prims\j

Events (10 events):
Event: 1.504 loading class java/util/HashMap$Values
Event: 1.504 loading class java/util/HashMap$Values done
Event: 1.504 loading class java/util/HashMap$ValueIterator
Event: 1.504 loading class java/util/HashMap$ValueIterator done
Event: 1.506 loading class com/android/dx/ssa/PhiInsn$Operand
Event: 1.506 loading class com/android/dx/ssa/PhiInsn$Operand done
Event: 1.507 loading class com/android/dx/ssa/back/FirstFitLocalCombiningAllocator$Multiset
Event: 1.507 loading class com/android/dx/ssa/back/FirstFitLocalCombiningAllocator$Multiset done
Event: 1.527 loading class com/android/dx/dex/file/MethodAnnotationStruct
Event: 1.527 loading class com/android/dx/dex/file/MethodAnnotationStruct done


Dynamic libraries:
0x00007ff605c40000 - 0x00007ff605c77000 	C:\Program Files\Java\jdk1.8.0_60\bin\java.exe
0x00007ff99df30000 - 0x00007ff99e0f1000 	C:\WINDOWS\SYSTEM32\ntdll.dll
0x00007ff99b4c0000 - 0x00007ff99b56d000 	C:\WINDOWS\system32\KERNEL32.DLL
0x00007ff99adc0000 - 0x00007ff99afa8000 	C:\WINDOWS\system32\KERNELBASE.dll
0x00007ff99dca0000 - 0x00007ff99dd47000 	C:\WINDOWS\system32\ADVAPI32.dll
0x00007ff99de00000 - 0x00007ff99de9d000 	C:\WINDOWS\system32\msvcrt.dll
0x00007ff99cf10000 - 0x00007ff99cf6b000 	C:\WINDOWS\system32\sechost.dll
0x00007ff99cc80000 - 0x00007ff99cd9c000 	C:\WINDOWS\system32\RPCRT4.dll
0x00007ff99d700000 - 0x00007ff99d856000 	C:\WINDOWS\system32\USER32.dll
0x00007ff99d3a0000 - 0x00007ff99d526000 	C:\WINDOWS\system32\GDI32.dll
0x00007ff997780000 - 0x00007ff9979f4000 	C:\WINDOWS\WinSxS\amd64_microsoft.windows.common-controls_6595b64144ccf1df_6.0.10586.0_none_8c15ae12515e1c22\COMCTL32.dll
0x00007ff99d8d0000 - 0x00007ff99db4d000 	C:\WINDOWS\system32\combase.dll
0x00007ff99b0d0000 - 0x00007ff99b13a000 	C:\WINDOWS\system32\bcryptPrimitives.dll
0x00007ff99d530000 - 0x00007ff99d56b000 	C:\WINDOWS\system32\IMM32.DLL
0x00007ff99a440000 - 0x00007ff99a471000 	C:\WINDOWS\system32\nvinitx.dll
0x00007ff99a430000 - 0x00007ff99a43a000 	C:\WINDOWS\SYSTEM32\VERSION.dll
0x000000000f000000 - 0x000000000f006000 	C:\Program Files\NVIDIA Corporation\CoProcManager\_etoured.dll
0x00007ff998a70000 - 0x00007ff998aa2000 	C:\Program Files\NVIDIA Corporation\CoProcManager\nvd3d9wrapx.dll
0x00007ff99cf70000 - 0x00007ff99d399000 	C:\WINDOWS\system32\SETUPAPI.dll
0x00007ff99a5e0000 - 0x00007ff99a623000 	C:\WINDOWS\system32\CFGMGR32.dll
0x00007ff998a40000 - 0x00007ff998a62000 	C:\Program Files\NVIDIA Corporation\CoProcManager\nvdxgiwrapx.dll
0x00000000506b0000 - 0x0000000050782000 	C:\Program Files\Java\jdk1.8.0_60\jre\bin\msvcr100.dll
0x0000000077770000 - 0x0000000077ff9000 	C:\Program Files\Java\jdk1.8.0_60\jre\bin\server\jvm.dll
0x00007ff99dea0000 - 0x00007ff99dea8000 	C:\WINDOWS\system32\PSAPI.DLL
0x00007ff98d7e0000 - 0x00007ff98d7e9000 	C:\WINDOWS\SYSTEM32\WSOCK32.dll
0x00007ff99dec0000 - 0x00007ff99df2b000 	C:\WINDOWS\system32\WS2_32.dll
0x00007ff9989f0000 - 0x00007ff998a13000 	C:\WINDOWS\SYSTEM32\WINMM.dll
0x00007ff998610000 - 0x00007ff99863c000 	C:\WINDOWS\SYSTEM32\WINMMBASE.dll
0x0000000050cd0000 - 0x0000000050cdf000 	C:\Program Files\Java\jdk1.8.0_60\jre\bin\verify.dll
0x0000000050ca0000 - 0x0000000050cc9000 	C:\Program Files\Java\jdk1.8.0_60\jre\bin\java.dll
0x0000000050c80000 - 0x0000000050c96000 	C:\Program Files\Java\jdk1.8.0_60\jre\bin\zip.dll
0x00007ff99b720000 - 0x00007ff99cc7f000 	C:\WINDOWS\system32\SHELL32.dll
0x0000000006cc0000 - 0x0000000007304000 	C:\WINDOWS\system32\windows.storage.dll
0x00007ff99cda0000 - 0x00007ff99cdf2000 	C:\WINDOWS\system32\shlwapi.dll
0x00007ff99a5d0000 - 0x00007ff99a5df000 	C:\WINDOWS\system32\kernel.appcore.dll
0x00007ff99b010000 - 0x00007ff99b0c5000 	C:\WINDOWS\system32\shcore.dll
0x00007ff99a550000 - 0x00007ff99a59b000 	C:\WINDOWS\system32\powrprof.dll
0x00007ff99a5a0000 - 0x00007ff99a5b4000 	C:\WINDOWS\system32\profapi.dll

VM Arguments:
jvm_args: -Djava.awt.headless=true -Xmx1024M -Dfile.encoding=windows-1252 -Duser.country=US -Duser.language=en -Duser.variant 
java_command: com.android.dx.command.Main --dex --num-threads=4 --output D:\AndroidStudio-projects\CityHunt\app\build\intermediates\pre-dexed\debug\com.google.android.gms-play-services-maps-8.4.0_4e008b7d00359e9f6b0ead6b07fd80be7ad23be7.jar D:\AndroidStudio-projects\CityHunt\app\build\intermediates\exploded-aar\com.google.android.gms\play-services-maps\8.4.0\jars\classes.jar
java_class_path (initial): D:\Android\build-tools\23.0.2\lib\dx.jar
Launcher Type: SUN_STANDARD

Environment Variables:
JAVA_HOME=C:\Program Files\Java\jdk1.8.0_60
CLASSPATH=.
PATH=C:\ProgramData\Oracle\Java\javapath;C:\Perl64\site\bin;C:\Perl64\bin;C:\PROGRAM FILES (X86)\INNO SETUP 5;C:\PROGRAM FILES\INTEL\INTEL(R) MANAGEMENT ENGINE COMPONENTS\DAL;C:\PROGRAM FILES\INTEL\INTEL(R) MANAGEMENT ENGINE COMPONENTS\IPT;C:\PROGRAM FILES (X86)\INTEL\INTEL(R) MANAGEMENT ENGINE COMPONENTS\DAL;C:\PROGRAM FILES (X86)\INTEL\INTEL(R) MANAGEMENT ENGINE COMPONENTS\IPT;C:\PROGRAM FILES (X86)\MICROSOFT SQL SERVER\100\TOOLS\BINN\;C:\PROGRAM FILES\MICROSOFT SQL SERVER\100\TOOLS\BINN\;C:\PROGRAM FILES\MICROSOFT SQL SERVER\100\DTS\BINN\;C:\WINDOWS\SYSTEM32;C:\WINDOWS;C:\WINDOWS\SYSTEM32\WBEM;C:\WINDOWS\SYSTEM32\WINDOWSPOWERSHELL\V1.0\;C:\PROGRAM FILES\IBM\GSK8\LIB64;C:\PROGRAM FILES (X86)\IBM\GSK8\LIB;C:\Program Files\Lenovo\Bluetooth Software\;C:\Program Files\Lenovo\Bluetooth Software\syswow64;C:\WINDOWS\system32;C:\WINDOWS;C:\WINDOWS\System32\Wbem;C:\WINDOWS\System32\WindowsPowerShell\v1.0\;C:\Program Files\TortoiseGit\bin;C:\Program Files (x86)\Skype\Phone\;C:\Program Files (x86)\Heroku\bin;C:\Program Files (x86)\git\cmd;D:\Program Files\Bluetooth\;D:\Program Files\Bluetooth\syswow64;D:\Program Files\node_js\;C:\Users\ARUN KUMAR\AppData\Roaming\npm
USERNAME=ARUN
OS=Windows_NT
PROCESSOR_IDENTIFIER=Intel64 Family 6 Model 58 Stepping 9, GenuineIntel



---------------  S Y S T E M  ---------------

OS: Windows 10.0 , 64 bit Build 10586 (10.0.10586.0)

CPU:total 4 (2 cores per cpu, 2 threads per core) family 6 model 58 stepping 9, cmov, cx8, fxsr, mmx, sse, sse2, sse3, ssse3, sse4.1, sse4.2, popcnt, avx, clmul, erms, ht, tsc, tscinvbit, tscinv

Memory: 4k page, physical 4056852k(481132k free), swap 7640852k(10016k free)

vm_info: Java HotSpot(TM) 64-Bit Server VM (25.60-b23) for windows-amd64 JRE (1.8.0_60-b27), built on Aug  4 2015 11:06:27 by "java_re" with MS VC++ 10.0 (VS2010)

time: Sat Jan 23 16:49:32 2016
elapsed time: 1 seconds (0d 0h 0m 1s)

